CRITICAL - 2022-04-06 21:19:20 --> Class "App\Models\TodoModel" not found
#0 C:\xampp\htdocs\tugas2\system\CodeIgniter.php(809): App\Controllers\Todo->__construct()
#1 C:\xampp\htdocs\tugas2\system\CodeIgniter.php(410): CodeIgniter\CodeIgniter->createController()
#2 C:\xampp\htdocs\tugas2\system\CodeIgniter.php(326): CodeIgniter\CodeIgniter->handleRequest(NULL, Object(Config\Cache), false)
#3 C:\xampp\htdocs\tugas2\public\index.php(37): CodeIgniter\CodeIgniter->run()
#4 C:\xampp\htdocs\tugas2\system\Commands\Server\rewrite.php(43): require_once('C:\\xampp\\htdocs...')
#5 {main}
CRITICAL - 2022-04-06 21:24:48 --> Class "App\Models\TodoModel" not found
#0 C:\xampp\htdocs\tugas2\system\CodeIgniter.php(809): App\Controllers\Todo->__construct()
#1 C:\xampp\htdocs\tugas2\system\CodeIgniter.php(410): CodeIgniter\CodeIgniter->createController()
#2 C:\xampp\htdocs\tugas2\system\CodeIgniter.php(326): CodeIgniter\CodeIgniter->handleRequest(NULL, Object(Config\Cache), false)
#3 C:\xampp\htdocs\tugas2\public\index.php(37): CodeIgniter\CodeIgniter->run()
#4 C:\xampp\htdocs\tugas2\system\Commands\Server\rewrite.php(43): require_once('C:\\xampp\\htdocs...')
#5 {main}
CRITICAL - 2022-04-06 21:24:48 --> Class "App\Models\TodoModel" not found
#0 C:\xampp\htdocs\tugas2\system\CodeIgniter.php(809): App\Controllers\Todo->__construct()
#1 C:\xampp\htdocs\tugas2\system\CodeIgniter.php(410): CodeIgniter\CodeIgniter->createController()
#2 C:\xampp\htdocs\tugas2\system\CodeIgniter.php(326): CodeIgniter\CodeIgniter->handleRequest(NULL, Object(Config\Cache), false)
#3 C:\xampp\htdocs\tugas2\public\index.php(37): CodeIgniter\CodeIgniter->run()
#4 C:\xampp\htdocs\tugas2\system\Commands\Server\rewrite.php(43): require_once('C:\\xampp\\htdocs...')
#5 {main}
CRITICAL - 2022-04-06 21:24:49 --> Class "App\Models\TodoModel" not found
#0 C:\xampp\htdocs\tugas2\system\CodeIgniter.php(809): App\Controllers\Todo->__construct()
#1 C:\xampp\htdocs\tugas2\system\CodeIgniter.php(410): CodeIgniter\CodeIgniter->createController()
#2 C:\xampp\htdocs\tugas2\system\CodeIgniter.php(326): CodeIgniter\CodeIgniter->handleRequest(NULL, Object(Config\Cache), false)
#3 C:\xampp\htdocs\tugas2\public\index.php(37): CodeIgniter\CodeIgniter->run()
#4 C:\xampp\htdocs\tugas2\system\Commands\Server\rewrite.php(43): require_once('C:\\xampp\\htdocs...')
#5 {main}
ERROR - 2022-04-06 21:25:31 --> Error connecting to the database: Access denied for user '****'@'localhost' (using password: YES)
ERROR - 2022-04-06 21:26:36 --> Error connecting to the database: Unknown database 'tugas2'
CRITICAL - 2022-04-06 21:30:21 --> Class "App\Models\TodoModel" not found
#0 C:\xampp\htdocs\tugas2\system\CodeIgniter.php(809): App\Controllers\Todo->__construct()
#1 C:\xampp\htdocs\tugas2\system\CodeIgniter.php(410): CodeIgniter\CodeIgniter->createController()
#2 C:\xampp\htdocs\tugas2\system\CodeIgniter.php(326): CodeIgniter\CodeIgniter->handleRequest(NULL, Object(Config\Cache), false)
#3 C:\xampp\htdocs\tugas2\public\index.php(37): CodeIgniter\CodeIgniter->run()
#4 C:\xampp\htdocs\tugas2\system\Commands\Server\rewrite.php(43): require_once('C:\\xampp\\htdocs...')
#5 {main}
CRITICAL - 2022-04-06 21:30:21 --> Class "App\Models\TodoModel" not found
#0 C:\xampp\htdocs\tugas2\system\CodeIgniter.php(809): App\Controllers\Todo->__construct()
#1 C:\xampp\htdocs\tugas2\system\CodeIgniter.php(410): CodeIgniter\CodeIgniter->createController()
#2 C:\xampp\htdocs\tugas2\system\CodeIgniter.php(326): CodeIgniter\CodeIgniter->handleRequest(NULL, Object(Config\Cache), false)
#3 C:\xampp\htdocs\tugas2\public\index.php(37): CodeIgniter\CodeIgniter->run()
#4 C:\xampp\htdocs\tugas2\system\Commands\Server\rewrite.php(43): require_once('C:\\xampp\\htdocs...')
#5 {main}
CRITICAL - 2022-04-06 21:31:14 --> Class "App\Models\TodoModel" not found
#0 C:\xampp\htdocs\tugas2\system\CodeIgniter.php(809): App\Controllers\Todo->__construct()
#1 C:\xampp\htdocs\tugas2\system\CodeIgniter.php(410): CodeIgniter\CodeIgniter->createController()
#2 C:\xampp\htdocs\tugas2\system\CodeIgniter.php(326): CodeIgniter\CodeIgniter->handleRequest(NULL, Object(Config\Cache), false)
#3 C:\xampp\htdocs\tugas2\public\index.php(37): CodeIgniter\CodeIgniter->run()
#4 C:\xampp\htdocs\tugas2\system\Commands\Server\rewrite.php(43): require_once('C:\\xampp\\htdocs...')
#5 {main}
CRITICAL - 2022-04-06 21:31:24 --> Class "App\Models\TodoModel" not found
#0 C:\xampp\htdocs\tugas2\system\CodeIgniter.php(809): App\Controllers\Todo->__construct()
#1 C:\xampp\htdocs\tugas2\system\CodeIgniter.php(410): CodeIgniter\CodeIgniter->createController()
#2 C:\xampp\htdocs\tugas2\system\CodeIgniter.php(326): CodeIgniter\CodeIgniter->handleRequest(NULL, Object(Config\Cache), false)
#3 C:\xampp\htdocs\tugas2\public\index.php(37): CodeIgniter\CodeIgniter->run()
#4 C:\xampp\htdocs\tugas2\system\Commands\Server\rewrite.php(43): require_once('C:\\xampp\\htdocs...')
#5 {main}
ERROR - 2022-04-06 21:32:51 --> Table 'tugas2.todo' doesn't exist
ERROR - 2022-04-06 21:32:51 --> Table 'tugas2.todo' doesn't exist
CRITICAL - 2022-04-06 21:32:54 --> Class "App\Models\TodoModel" not found
#0 C:\xampp\htdocs\tugas2\system\CodeIgniter.php(809): App\Controllers\Todo->__construct()
#1 C:\xampp\htdocs\tugas2\system\CodeIgniter.php(410): CodeIgniter\CodeIgniter->createController()
#2 C:\xampp\htdocs\tugas2\system\CodeIgniter.php(326): CodeIgniter\CodeIgniter->handleRequest(NULL, Object(Config\Cache), false)
#3 C:\xampp\htdocs\tugas2\public\index.php(37): CodeIgniter\CodeIgniter->run()
#4 C:\xampp\htdocs\tugas2\system\Commands\Server\rewrite.php(43): require_once('C:\\xampp\\htdocs...')
#5 {main}
